# JRE version: Java(TM) SE Runtime Environment (17.0.12+8) (build 17.0.12+8-LTS-286)
# Java VM: Java HotSpot(TM) 64-Bit Server VM (17.0.12+8-LTS-286, mixed mode, emulated-client, sharing, tiered, compressed oops, compressed class ptrs, g1 gc, windows-amd64)
GC Precious Log:
 CPUs: 12 total, 12 available
 Memory: 15571M
 Large Page Support: Disabled
 NUMA Support: Disabled
 Compressed Oops: Enabled (Zero based)
 Heap Region Size: 2M
 Heap Min Capacity: 8M
 Heap Initial Capacity: 244M
 Heap Max Capacity: 3894M
 Pre-touch: Disabled
 Parallel Workers: 10
 Concurrent Workers: 3
 Concurrent Refinement Workers: 10
 Periodic GC: Disabled
Heap:
 garbage-first heap   total 552960K, used 238798K [0x000000070ca00000, 0x0000000800000000)
  region size 2048K, 11 young (22528K), 11 survivors (22528K)
 Metaspace       used 88405K, committed 89216K, reserved 1179648K
  class space    used 12620K, committed 13056K, reserved 1048576K
GC Heap History (20 events):
Event: 9.887 GC heap after
{Heap after GC invocations=24 (full 0):
 garbage-first heap   total 159744K, used 75956K [0x000000070ca00000, 0x0000000800000000)
  region size 2048K, 4 young (8192K), 4 survivors (8192K)
 Metaspace       used 72528K, committed 73216K, reserved 1114112K
  class space    used 10491K, committed 10816K, reserved 1048576K
}
Event: 9.943 GC heap before
{Heap before GC invocations=24 (full 0):
 garbage-first heap   total 159744K, used 116916K [0x000000070ca00000, 0x0000000800000000)
  region size 2048K, 24 young (49152K), 4 survivors (8192K)
 Metaspace       used 72529K, committed 73216K, reserved 1114112K
  class space    used 10491K, committed 10816K, reserved 1048576K
}
Event: 9.960 GC heap after
{Heap after GC invocations=25 (full 0):
 garbage-first heap   total 159744K, used 91458K [0x000000070ca00000, 0x0000000800000000)
  region size 2048K, 3 young (6144K), 3 survivors (6144K)
 Metaspace       used 72529K, committed 73216K, reserved 1114112K
  class space    used 10491K, committed 10816K, reserved 1048576K
}
Event: 10.007 GC heap before
{Heap before GC invocations=25 (full 0):
 garbage-first heap   total 159744K, used 118082K [0x000000070ca00000, 0x0000000800000000)
  region size 2048K, 16 young (32768K), 3 survivors (6144K)
 Metaspace       used 72594K, committed 73280K, reserved 1114112K
  class space    used 10506K, committed 10816K, reserved 1048576K
}
Event: 10.015 GC heap after
{Heap after GC invocations=26 (full 0):
 garbage-first heap   total 159744K, used 96837K [0x000000070ca00000, 0x0000000800000000)
  region size 2048K, 2 young (4096K), 2 survivors (4096K)
 Metaspace       used 72594K, committed 73280K, reserved 1114112K
  class space    used 10506K, committed 10816K, reserved 1048576K
}
Event: 10.070 GC heap before
{Heap before GC invocations=27 (full 0):
 garbage-first heap   total 184320K, used 115269K [0x000000070ca00000, 0x0000000800000000)
  region size 2048K, 14 young (28672K), 2 survivors (4096K)
 Metaspace       used 72596K, committed 73280K, reserved 1114112K
  class space    used 10507K, committed 10816K, reserved 1048576K
}
Event: 10.073 GC heap after
{Heap after GC invocations=28 (full 0):
 garbage-first heap   total 184320K, used 92076K [0x000000070ca00000, 0x0000000800000000)
  region size 2048K, 2 young (4096K), 2 survivors (4096K)
 Metaspace       used 72596K, committed 73280K, reserved 1114112K
  class space    used 10507K, committed 10816K, reserved 1048576K
}
Event: 10.078 GC heap before
{Heap before GC invocations=28 (full 0):
 garbage-first heap   total 184320K, used 96172K [0x000000070ca00000, 0x0000000800000000)
  region size 2048K, 4 young (8192K), 2 survivors (4096K)
 Metaspace       used 72596K, committed 73280K, reserved 1114112K
  class space    used 10507K, committed 10816K, reserved 1048576K
}
Event: 10.082 GC heap after
{Heap after GC invocations=29 (full 0):
 garbage-first heap   total 552960K, used 90100K [0x000000070ca00000, 0x0000000800000000)
  region size 2048K, 1 young (2048K), 1 survivors (2048K)
 Metaspace       used 72596K, committed 73280K, reserved 1114112K
  class space    used 10507K, committed 10816K, reserved 1048576K
}
Event: 10.627 GC heap before
{Heap before GC invocations=29 (full 0):
 garbage-first heap   total 552960K, used 327668K [0x000000070ca00000, 0x0000000800000000)
  region size 2048K, 117 young (239616K), 1 survivors (2048K)
 Metaspace       used 73504K, committed 74176K, reserved 1114112K
  class space    used 10683K, committed 11008K, reserved 1048576K
}
Event: 10.630 GC heap after
{Heap after GC invocations=30 (full 0):
 garbage-first heap   total 552960K, used 93201K [0x000000070ca00000, 0x0000000800000000)
  region size 2048K, 3 young (6144K), 3 survivors (6144K)
 Metaspace       used 73504K, committed 74176K, reserved 1114112K
  class space    used 10683K, committed 11008K, reserved 1048576K
}
Event: 11.519 GC heap before
{Heap before GC invocations=30 (full 0):
 garbage-first heap   total 552960K, used 418833K [0x000000070ca00000, 0x0000000800000000)
  region size 2048K, 162 young (331776K), 3 survivors (6144K)
 Metaspace       used 75066K, committed 75776K, reserved 1114112K
  class space    used 10916K, committed 11264K, reserved 1048576K
}
Event: 11.526 GC heap after
{Heap after GC invocations=31 (full 0):
 garbage-first heap   total 552960K, used 101044K [0x000000070ca00000, 0x0000000800000000)
  region size 2048K, 7 young (14336K), 7 survivors (14336K)
 Metaspace       used 75066K, committed 75776K, reserved 1114112K
  class space    used 10916K, committed 11264K, reserved 1048576K
}
Event: 12.178 GC heap before
{Heap before GC invocations=31 (full 0):
 garbage-first heap   total 552960K, used 420532K [0x000000070ca00000, 0x0000000800000000)
  region size 2048K, 162 young (331776K), 7 survivors (14336K)
 Metaspace       used 75068K, committed 75776K, reserved 1114112K
  class space    used 10916K, committed 11264K, reserved 1048576K
}
Event: 12.200 GC heap after
{Heap after GC invocations=32 (full 0):
 garbage-first heap   total 552960K, used 149196K [0x000000070ca00000, 0x0000000800000000)
  region size 2048K, 21 young (43008K), 21 survivors (43008K)
 Metaspace       used 75068K, committed 75776K, reserved 1114112K
  class space    used 10916K, committed 11264K, reserved 1048576K
}
Event: 12.722 GC heap before
{Heap before GC invocations=32 (full 0):
 garbage-first heap   total 552960K, used 425676K [0x000000070ca00000, 0x0000000800000000)
  region size 2048K, 155 young (317440K), 21 survivors (43008K)
 Metaspace       used 75089K, committed 75776K, reserved 1114112K
  class space    used 10920K, committed 11264K, reserved 1048576K
}
Event: 12.757 GC heap after
{Heap after GC invocations=33 (full 0):
 garbage-first heap   total 552960K, used 210942K [0x000000070ca00000, 0x0000000800000000)
  region size 2048K, 20 young (40960K), 20 survivors (40960K)
 Metaspace       used 75089K, committed 75776K, reserved 1114112K
  class space    used 10920K, committed 11264K, reserved 1048576K
}
Event: 13.457 GC heap before
{Heap before GC invocations=33 (full 0):
 garbage-first heap   total 552960K, used 411646K [0x000000070ca00000, 0x0000000800000000)
  region size 2048K, 118 young (241664K), 20 survivors (40960K)
 Metaspace       used 77392K, committed 78144K, reserved 1179648K
  class space    used 11143K, committed 11520K, reserved 1048576K
}
Event: 13.473 GC heap after
{Heap after GC invocations=34 (full 0):
 garbage-first heap   total 552960K, used 231386K [0x000000070ca00000, 0x0000000800000000)
  region size 2048K, 8 young (16384K), 8 survivors (16384K)
 Metaspace       used 77392K, committed 78144K, reserved 1179648K
  class space    used 11143K, committed 11520K, reserved 1048576K
}
Event: 926.232 GC heap before
{Heap before GC invocations=34 (full 0):
 garbage-first heap   total 552960K, used 421850K [0x000000070ca00000, 0x0000000800000000)
  region size 2048K, 102 young (208896K), 8 survivors (16384K)
 Metaspace       used 88405K, committed 89216K, reserved 1179648K
  class space    used 12620K, committed 13056K, reserved 1048576K
}

